<?xml version="1.0" encoding="utf-8"?><testsuites name="pytest tests"><testsuite name="pytest" errors="0" failures="0" skipped="0" tests="19" time="3.447" timestamp="2026-09-05T15:31:18.045621+00:00" hostname="agent-env-7c8136ab-6d03-4387-b521-a2a96206cd62"><testcase classname="tests.test_medibridge.TestAuth" name="test_patient_login" time="0.372" /><testcase classname="tests.test_medibridge.TestAuth" name="test_doctor_login" time="0.480" /><testcase classname="tests.test_medibridge.TestPatientRoutes" name="test_get_patient_appointments" time="0.864" /><testcase classname="tests.test_medibridge.TestAuth" name="test_psychologist_login" time="0.330" /><testcase classname="tests.test_medibridge.TestPatientRoutes" name="test_patient_has_completed_appointment" time="0.065" /><testcase classname="tests.test_medibridge.TestPatientRoutes" name="test_get_professionals_list" time="0.268" /><testcase classname="tests.test_medibridge.TestAuth" name="test_nutritionist_login" time="0.360" /><testcase classname="tests.test_medibridge.TestPatientRoutes" name="test_professionals_are_approved" time="0.063" /><testcase classname="tests.test_medibridge.TestAuth" name="test_invalid_login" time="0.249" /><testcase classname="tests.test_medibridge.TestDoctorRoutes" name="test_doctor_appointments" time="0.606" /><testcase classname="tests.test_medibridge.TestDoctorRoutes" name="test_doctor_availability" time="0.269" /><testcase classname="tests.test_medibridge.TestAuth" name="test_me_endpoint" time="0.397" /><testcase classname="tests.test_medibridge.TestDoctorRoutes" name="test_doctor_verification_status" time="0.111" /><testcase classname="tests.test_medibridge.TestAuth" name="test_me_unauthenticated" time="0.099" /><testcase classname="tests.test_medibridge.TestConsultationRecords" name="test_get_consultation_record_for_completed" time="0.133" /><testcase classname="tests.test_medibridge.TestRegistration" name="test_register_new_patient" time="0.382" /><testcase classname="tests.test_medibridge.TestConsultationRecords" name="test_eprescription_has_medications" time="0.305" /><testcase classname="tests.test_medibridge.TestRegistration" name="test_register_duplicate_email" time="0.127" /><testcase classname="tests.test_medibridge.TestRegistration" name="test_register_invalid_role" time="0.108" /></testsuite></testsuites>